cl2025-12-16 22:58:10,272 - INFO - Đang tìm kiếm: iPhone 15
2025-12-16 22:59:57,550 - INFO - Không tìm thấy session. Tạo session mới...
2025-12-16 22:59:57,694 - INFO - Đang tìm kiếm: iPhone 15
2025-12-16 23:00:11,228 - WARNING - Trang yêu cầu đăng nhập!
2025-12-16 23:00:11,249 - WARNING - ============================================================
2025-12-16 23:00:11,249 - WARNING - SHOPEE YÊU CẦU ĐĂNG NHẬP!
2025-12-16 23:00:11,250 - WARNING - Vui lòng đăng nhập vào Shopee trong cửa sổ browser.
2025-12-16 23:00:11,250 - WARNING - Sau khi đăng nhập thành công, nhấn Enter ở console này...
2025-12-16 23:00:11,250 - WARNING - ============================================================
2025-12-16 23:01:26,049 - INFO - Tiếp tục scraping...
2025-12-16 23:01:36,125 - WARNING - Trang yêu cầu đăng nhập!
2025-12-16 23:01:36,125 - ERROR - Không tìm thấy sản phẩm nào!
2025-12-16 23:01:45,997 - INFO - Không tìm thấy session. Tạo session mới...
2025-12-16 23:01:46,216 - INFO - Đang tìm kiếm: iPhone 15
2025-12-16 23:01:55,289 - WARNING - Trang yêu cầu đăng nhập!
2025-12-16 23:01:55,299 - WARNING - ============================================================
2025-12-16 23:01:55,299 - WARNING - SHOPEE YÊU CẦU ĐĂNG NHẬP!
2025-12-16 23:01:55,300 - WARNING - Vui lòng đăng nhập vào Shopee trong cửa sổ browser.
2025-12-16 23:01:55,300 - WARNING - Sau khi đăng nhập thành công, nhấn Enter ở console này...
2025-12-16 23:01:55,300 - WARNING - ============================================================
2025-12-16 23:02:04,346 - INFO - Tiếp tục scraping...
2025-12-16 23:02:12,580 - WARNING - Trang yêu cầu đăng nhập!
2025-12-16 23:02:12,581 - ERROR - Không tìm thấy sản phẩm nào!
2025-12-16 23:05:26,256 - INFO - Không tìm thấy session. Tạo session mới...
2025-12-16 23:05:26,469 - INFO - Đang tìm kiếm: iPhone 15
2025-12-16 23:05:38,266 - WARNING - Trang yêu cầu đăng nhập!
2025-12-16 23:05:38,278 - WARNING - ============================================================
2025-12-16 23:05:38,278 - WARNING - SHOPEE YÊU CẦU ĐĂNG NHẬP!
2025-12-16 23:05:38,278 - WARNING - Vui lòng đăng nhập vào Shopee trong cửa sổ browser.
2025-12-16 23:05:38,278 - WARNING - Sau khi đăng nhập thành công, nhấn Enter ở console này...
2025-12-16 23:05:38,279 - WARNING - ============================================================
2025-12-16 23:07:14,806 - INFO - Không tìm thấy session. Tạo session mới...
2025-12-16 23:07:14,976 - INFO - Đang tìm kiếm: iPhone 15
2025-12-16 23:07:25,238 - WARNING - Trang yêu cầu đăng nhập!
2025-12-16 23:07:25,238 - WARNING - ============================================================
2025-12-16 23:07:25,238 - WARNING - 🔐 SHOPEE YÊU CẦU ĐĂNG NHẬP
2025-12-16 23:07:25,238 - WARNING - ============================================================
2025-12-16 23:07:25,238 - WARNING - Vui lòng đăng nhập vào Shopee trong cửa sổ browser.
2025-12-16 23:07:25,239 - WARNING - Sau khi đăng nhập thành công, nhấn Enter ở console này...
2025-12-16 23:07:25,239 - WARNING - ============================================================
2025-12-16 23:09:44,148 - INFO - ✅ Đang sử dụng Google Chrome
2025-12-16 23:09:44,149 - INFO - Không tìm thấy session. Tạo session mới...
2025-12-16 23:09:44,381 - INFO - Đang tìm kiếm: điện thoại
2025-12-16 23:09:56,116 - WARNING - Trang yêu cầu đăng nhập!
2025-12-16 23:09:56,116 - WARNING - ============================================================
2025-12-16 23:09:56,116 - WARNING - 🔐 SHOPEE YÊU CẦU ĐĂNG NHẬP
2025-12-16 23:09:56,117 - WARNING - ============================================================
2025-12-16 23:09:56,117 - WARNING - Vui lòng đăng nhập vào Shopee trong cửa sổ browser.
2025-12-16 23:09:56,117 - WARNING - Sau khi đăng nhập thành công, nhấn Enter ở console này...
2025-12-16 23:09:56,117 - WARNING - ============================================================
2025-12-16 23:09:56,386 - INFO - ✅ Tiếp tục scraping...
2025-12-16 23:10:06,043 - WARNING - Trang yêu cầu đăng nhập!
2025-12-16 23:10:06,043 - WARNING - ============================================================
2025-12-16 23:10:06,044 - WARNING - 🔐 SHOPEE YÊU CẦU ĐĂNG NHẬP
2025-12-16 23:10:06,044 - WARNING - ============================================================
2025-12-16 23:10:06,044 - WARNING - Vui lòng đăng nhập vào Shopee trong cửa sổ browser.
2025-12-16 23:10:06,044 - WARNING - Sau khi đăng nhập thành công, nhấn Enter ở console này...
2025-12-16 23:10:06,044 - WARNING - ============================================================
2025-12-16 23:16:12,794 - INFO - ✅ Đang sử dụng Firefox
2025-12-16 23:16:12,795 - INFO - Không tìm thấy session. Tạo session mới...
2025-12-16 23:16:14,364 - INFO - Đang tìm kiếm: iPhone 15
2025-12-16 23:16:24,515 - WARNING - Trang yêu cầu đăng nhập!
2025-12-16 23:16:24,515 - WARNING - ============================================================
2025-12-16 23:16:24,515 - WARNING - 🔐 SHOPEE YÊU CẦU ĐĂNG NHẬP
2025-12-16 23:16:24,516 - WARNING - ============================================================
2025-12-16 23:16:24,516 - WARNING - Vui lòng đăng nhập vào Shopee trong cửa sổ browser.
2025-12-16 23:16:24,516 - WARNING - Sau khi đăng nhập thành công, nhấn Enter ở console này...
2025-12-16 23:16:24,516 - WARNING - ============================================================
2025-12-16 23:20:44,544 - INFO - ✅ Đang sử dụng Firefox
2025-12-16 23:20:44,545 - INFO - Không tìm thấy session. Tạo session mới...
2025-12-16 23:20:46,472 - INFO - Đang tìm kiếm: iPhone
2025-12-16 23:21:01,402 - WARNING - Trang yêu cầu đăng nhập!
2025-12-16 23:21:01,402 - WARNING - ============================================================
2025-12-16 23:21:01,403 - WARNING - 🔐 SHOPEE YÊU CẦU ĐĂNG NHẬP
2025-12-16 23:21:01,403 - WARNING - ============================================================
2025-12-16 23:21:01,403 - WARNING - Vui lòng đăng nhập vào Shopee trong cửa sổ browser.
2025-12-16 23:21:01,403 - WARNING - Sau khi đăng nhập thành công, nhấn Enter ở console này...
2025-12-16 23:21:01,403 - WARNING - ============================================================
2025-12-16 23:21:46,077 - INFO - ✅ Tiếp tục scraping...
2025-12-16 23:22:07,175 - WARNING - Trang yêu cầu đăng nhập!
2025-12-16 23:22:07,175 - WARNING - ============================================================
2025-12-16 23:22:07,176 - WARNING - 🔐 SHOPEE YÊU CẦU ĐĂNG NHẬP
2025-12-16 23:22:07,176 - WARNING - ============================================================
2025-12-16 23:22:07,176 - WARNING - Vui lòng đăng nhập vào Shopee trong cửa sổ browser.
2025-12-16 23:22:07,176 - WARNING - Sau khi đăng nhập thành công, nhấn Enter ở console này...
2025-12-16 23:22:07,176 - WARNING - ============================================================
2025-12-16 23:23:25,873 - INFO - ✅ Đang sử dụng Firefox
2025-12-16 23:23:25,874 - INFO - Không tìm thấy session. Tạo session mới...
2025-12-16 23:23:27,364 - INFO - Đang tìm kiếm: iPhone
2025-12-16 23:23:39,018 - WARNING - Trang yêu cầu đăng nhập!
2025-12-16 23:23:39,019 - WARNING - ============================================================
2025-12-16 23:23:39,019 - WARNING - 🔐 SHOPEE YÊU CẦU ĐĂNG NHẬP
2025-12-16 23:23:39,019 - WARNING - ============================================================
2025-12-16 23:23:39,019 - WARNING - Vui lòng đăng nhập vào Shopee trong cửa sổ browser.
2025-12-16 23:23:39,019 - WARNING - Sau khi đăng nhập thành công, nhấn Enter ở console này...
2025-12-16 23:23:39,020 - WARNING - ============================================================
