2025-12-16 23:27:16,594 - INFO - ✅ Đang sử dụng Firefox
2025-12-16 23:27:16,595 - INFO - Không tìm thấy session. Tạo session mới...
2025-12-16 23:27:18,985 - INFO - Đang tìm kiếm: iPhone 15
2025-12-16 23:28:38,460 - ERROR - Lỗi khi tìm kiếm sản phẩm: Page.wait_for_selector: Timeout 10000ms exceeded.
Call log:
  - waiting for locator("[data-view-id=\"product_list_container\"]") to be visible

2025-12-16 23:28:38,461 - ERROR - Không tìm thấy sản phẩm nào!
2025-12-16 23:29:41,641 - INFO - ✅ Đang sử dụng Firefox
2025-12-16 23:29:41,641 - INFO - Không tìm thấy session. Tạo session mới...
2025-12-16 23:29:43,144 - INFO - Đang tìm kiếm: iPhone 15
2025-12-16 23:31:02,505 - ERROR - Lỗi khi tìm kiếm sản phẩm: Page.wait_for_selector: Timeout 10000ms exceeded.
Call log:
  - waiting for locator("[data-view-id=\"product_list_container\"]") to be visible

2025-12-16 23:31:02,506 - ERROR - Không tìm thấy sản phẩm nào!
2025-12-16 23:33:56,060 - INFO - ✅ Đang sử dụng Firefox
2025-12-16 23:33:56,061 - INFO - Không tìm thấy session. Tạo session mới...
2025-12-16 23:33:57,633 - INFO - Đang tìm kiếm: iPhone 15
2025-12-16 23:35:17,154 - ERROR - Lỗi khi tìm kiếm sản phẩm: Page.wait_for_selector: Timeout 10000ms exceeded.
Call log:
  - waiting for locator("[data-view-id=\"product_list_container\"]") to be visible

2025-12-16 23:35:17,155 - ERROR - Không tìm thấy sản phẩm nào!
2025-12-16 23:40:46,584 - INFO - ✅ Đang sử dụng Firefox
2025-12-16 23:40:46,585 - INFO - Không tìm thấy session. Tạo session mới...
2025-12-16 23:40:47,978 - INFO - 🔍 Đang tìm kiếm: iPhone 15
2025-12-16 23:40:47,979 - INFO - 📡 Sử dụng Tiki API để tìm kiếm...
2025-12-16 23:40:49,316 - INFO - ✅ Tìm thấy: iPhone 15 128GB Xanh Dương...
2025-12-16 23:40:49,317 - INFO - ✅ Tìm thấy: Ốp lưng dành cho Iphone 15 - Iphone 15 Plus - Ipho...
2025-12-16 23:40:49,317 - INFO - ✅ Tìm thấy: Ốp lưng dành cho Iphone 15 - Iphone 15 Plus - Ipho...
2025-12-16 23:40:49,317 - INFO - ✅ Tìm thấy: Ốp lưng dành cho Iphone 15 - Iphone 15 Plus - Ipho...
2025-12-16 23:40:49,318 - INFO - ✅ Tìm thấy: Ốp lưng dành cho Iphone 15 - Iphone 15 Plus - Ipho...
2025-12-16 23:40:49,318 - INFO - ✅ Tìm thấy: Ốp lưng dành cho Iphone 15 - Iphone 15 Plus - Ipho...
2025-12-16 23:40:49,318 - INFO - ✅ Tìm thấy: Ốp lưng dành cho Iphone 15 - Iphone 15 Plus - Ipho...
2025-12-16 23:40:49,318 - INFO - ✅ Tìm thấy: Ốp lưng dành cho Iphone 15 - Iphone 15 Plus - Ipho...
2025-12-16 23:40:49,318 - INFO - ✅ Tìm thấy: Ốp lưng dành cho Iphone 15 - Iphone 15 Plus - Ipho...
2025-12-16 23:40:49,318 - INFO - ✅ Tìm thấy: Ốp lưng dành cho Iphone 15 - Iphone 15 Plus - Ipho...
2025-12-16 23:40:49,319 - INFO - ✅ Tìm thấy 10 sản phẩm
2025-12-16 23:40:49,322 - INFO - Đã lưu session vào tiki_state.json
2025-12-16 23:40:49,323 - INFO - Tìm thấy 10 sản phẩm. Đang lấy chi tiết...
2025-12-16 23:41:49,347 - ERROR - Lỗi khi lấy chi tiết sản phẩm: Page.goto: Timeout 60000ms exceeded.
Call log:
  - navigating to "https://tiki.vn/apple-iphone-15-p271966786.html?spid=271966790", waiting until "networkidle"

2025-12-16 23:42:54,618 - ERROR - Lỗi khi lấy chi tiết sản phẩm: Page.goto: Timeout 60000ms exceeded.
Call log:
  - navigating to "https://tiki.vn/op-lung-danh-cho-iphone-15-iphone-15-plus-iphone-15-pro-iphone-15-pro-max-ro-ng-ne-n-den-hang-chinh-hang-p273076003.html?spid=273076007", waiting until "networkidle"

2025-12-16 23:43:58,790 - ERROR - Lỗi khi lấy chi tiết sản phẩm: Page.goto: Timeout 60000ms exceeded.
Call log:
  - navigating to "https://tiki.vn/op-lung-danh-cho-iphone-15-iphone-15-plus-iphone-15-pro-iphone-15-pro-max-du-hanh-7-hang-chinh-hang-p273416063.html?spid=273416086", waiting until "networkidle"

2025-12-16 23:45:04,121 - ERROR - Lỗi khi lấy chi tiết sản phẩm: Page.goto: Timeout 60000ms exceeded.
Call log:
  - navigating to "https://tiki.vn/op-lung-danh-cho-iphone-15-iphone-15-plus-iphone-15-pro-iphone-15-pro-max-du-hanh-7-hang-chinh-hang-p273178993.html?spid=273179000", waiting until "networkidle"

2025-12-16 23:46:07,778 - ERROR - Lỗi khi lấy chi tiết sản phẩm: Page.goto: Timeout 60000ms exceeded.
Call log:
  - navigating to "https://tiki.vn/op-lung-danh-cho-iphone-15-iphone-15-plus-iphone-15-pro-iphone-15-pro-max-ro-ng-ne-n-denn-hang-chinh-hang-p273173893.html?spid=273173900", waiting until "networkidle"

2025-12-16 23:46:07,782 - INFO - Đã lưu 5 sản phẩm vào tiki_iphone15.json
2025-12-16 23:54:41,229 - ERROR - Future exception was never retrieved
future: <Future finished exception=TargetClosedError('Target page, context or browser has been closed')>
playwright._impl._errors.TargetClosedError: Target page, context or browser has been closed
2025-12-16 23:54:45,735 - INFO - ✅ Đang sử dụng Firefox
2025-12-16 23:54:45,736 - INFO - Tìm thấy session đã lưu. Đang load...
2025-12-16 23:54:47,367 - INFO - 🔍 Đang tìm kiếm: iPhone 15
2025-12-16 23:54:47,368 - INFO - 📡 Sử dụng Tiki API để tìm kiếm...
2025-12-16 23:54:48,481 - INFO - ✅ Tìm thấy: iPhone 15 128GB Xanh Dương...
2025-12-16 23:54:48,481 - INFO - ✅ Tìm thấy: Ốp lưng dành cho Iphone 15 - Iphone 15 Plus - Ipho...
2025-12-16 23:54:48,481 - INFO - ✅ Tìm thấy: Ốp lưng dành cho Iphone 15 - Iphone 15 Plus - Ipho...
2025-12-16 23:54:48,481 - INFO - ✅ Tìm thấy: Ốp lưng dành cho Iphone 15 - Iphone 15 Plus - Ipho...
2025-12-16 23:54:48,481 - INFO - ✅ Tìm thấy: Ốp lưng dành cho Iphone 15 - Iphone 15 Plus - Ipho...
2025-12-16 23:54:48,482 - INFO - ✅ Tìm thấy 5 sản phẩm
2025-12-16 23:54:48,485 - INFO - Đã lưu session vào tiki_state.json
2025-12-16 23:54:48,485 - INFO - Tìm thấy 5 sản phẩm. Đang lấy chi tiết...
2025-12-16 23:54:48,491 - INFO - 📡 Lấy chi tiết qua API cho product 271966786...
2025-12-16 23:54:49,388 - INFO - ✅ Lấy được 20 reviews từ API
2025-12-16 23:54:55,073 - INFO - 📡 Lấy chi tiết qua API cho product 273076003...
2025-12-16 23:54:55,582 - INFO - ✅ Lấy được 0 reviews từ API
2025-12-16 23:54:58,874 - INFO - 📡 Lấy chi tiết qua API cho product 273178993...
2025-12-16 23:54:59,387 - INFO - ✅ Lấy được 0 reviews từ API
2025-12-16 23:55:03,395 - INFO - 📡 Lấy chi tiết qua API cho product 273416063...
2025-12-16 23:55:03,839 - INFO - ✅ Lấy được 0 reviews từ API
2025-12-16 23:55:09,489 - INFO - 📡 Lấy chi tiết qua API cho product 273173893...
2025-12-16 23:55:09,992 - INFO - ✅ Lấy được 0 reviews từ API
2025-12-16 23:55:09,996 - INFO - Đã lưu 5 sản phẩm vào tiki_iphone15.json
2025-12-16 23:55:10,000 - INFO - Đã lưu session vào tiki_state.json
2025-12-16 23:55:10,003 - INFO - Đã lưu 5 sản phẩm vào tiki_iphone15.json
2025-12-16 23:55:10,007 - INFO - Đã lưu session vào tiki_state.json
2025-12-16 23:55:10,007 - INFO - Hoàn thành! Dữ liệu đã lưu vào tiki_iphone15.json
2025-12-16 23:57:09,553 - INFO - ✅ Đang sử dụng Firefox
2025-12-16 23:57:09,554 - INFO - Tìm thấy session đã lưu. Đang load...
2025-12-16 23:57:10,970 - INFO - 🔍 Đang tìm kiếm: iPhone 17 pro max
2025-12-16 23:57:10,970 - INFO - 📡 Sử dụng Tiki API để tìm kiếm...
2025-12-16 23:57:12,291 - INFO - ✅ Tìm thấy: Apple iPhone 17 Pro Max...
2025-12-16 23:57:12,292 - INFO - ✅ Tìm thấy: Apple iPhone 17 Pro...
2025-12-16 23:57:12,293 - INFO - ✅ Tìm thấy: Apple iPhone 17 - Xanh lam khói - 256GB...
2025-12-16 23:57:12,294 - INFO - ✅ Tìm thấy: Ốp Lưng Cho iPhone 17 Pro/ 17 Pro Max SKINARMA SPE...
2025-12-16 23:57:12,294 - INFO - ✅ Tìm thấy: Ốp Lưng Cho iPhone 17 Pro/ 17 Pro Max UNIQ COMBAT ...
2025-12-16 23:57:12,296 - INFO - ✅ Tìm thấy 5 sản phẩm
2025-12-16 23:57:12,307 - INFO - Đã lưu session vào tiki_state.json
2025-12-16 23:57:12,308 - INFO - Tìm thấy 5 sản phẩm. Đang lấy chi tiết...
2025-12-16 23:57:12,327 - INFO - 📡 Lấy chi tiết qua API cho product 278628866...
2025-12-16 23:57:13,061 - INFO - ✅ Lấy được 20 reviews từ API
2025-12-16 23:57:16,835 - INFO - 📡 Lấy chi tiết qua API cho product 278628812...
2025-12-16 23:57:17,452 - INFO - ✅ Lấy được 15 reviews từ API
2025-12-16 23:57:21,367 - INFO - 📡 Lấy chi tiết qua API cho product 278630241...
2025-12-16 23:57:21,867 - INFO - ✅ Lấy được 6 reviews từ API
2025-12-16 23:57:27,555 - INFO - 📡 Lấy chi tiết qua API cho product 278755768...
2025-12-16 23:57:28,041 - INFO - ✅ Lấy được 0 reviews từ API
2025-12-16 23:57:31,848 - INFO - 📡 Lấy chi tiết qua API cho product 278745882...
2025-12-16 23:57:32,343 - INFO - ✅ Lấy được 0 reviews từ API
2025-12-16 23:57:32,356 - INFO - Đã lưu 5 sản phẩm vào tiki_iphone17promax.json
2025-12-16 23:57:32,368 - INFO - Đã lưu session vào tiki_state.json
2025-12-16 23:57:32,385 - INFO - Đã lưu 5 sản phẩm vào tiki_iphone17promax.json
2025-12-16 23:57:32,395 - INFO - Đã lưu session vào tiki_state.json
2025-12-16 23:57:32,396 - INFO - Hoàn thành! Dữ liệu đã lưu vào tiki_iphone17promax.json
2025-12-16 23:58:20,501 - INFO - ✅ Đang sử dụng Firefox
2025-12-16 23:58:20,502 - INFO - Tìm thấy session đã lưu. Đang load...
2025-12-16 23:58:22,058 - INFO - 🔍 Đang tìm kiếm: iPhone 17 pro max
2025-12-16 23:58:22,058 - INFO - 📡 Sử dụng Tiki API để tìm kiếm...
2025-12-16 23:58:22,983 - INFO - ✅ Tìm thấy: Apple iPhone 17 Pro Max...
2025-12-16 23:58:22,983 - INFO - ✅ Tìm thấy: Apple iPhone 17 Pro...
2025-12-16 23:58:22,983 - INFO - ✅ Tìm thấy: Apple iPhone 17 - Xanh lam khói - 256GB...
2025-12-16 23:58:22,983 - INFO - ✅ Tìm thấy: Ốp Lưng Cho iPhone 17 Pro/ 17 Pro Max SKINARMA SPE...
2025-12-16 23:58:22,984 - INFO - ✅ Tìm thấy: Ốp Lưng Cho iPhone 17 Pro/ 17 Pro Max UNIQ COMBAT ...
2025-12-16 23:58:22,984 - INFO - ✅ Tìm thấy: Ốp lưng cho iPhone 17 Pro Max / 17 Pro RINGKE Fusi...
2025-12-16 23:58:22,984 - INFO - ✅ Tìm thấy: Ốp lưng cho iPhone 17 Pro Max / 17 Pro / 17 / Air ...
2025-12-16 23:58:22,984 - INFO - ✅ Tìm thấy: Ốp Lưng Cho iPhone 17 Pro/ 17 Pro Max SKINARMA SON...
2025-12-16 23:58:22,985 - INFO - ✅ Tìm thấy: Ốp lưng cho iPhone 17 Pro Max / 17 Pro / 17 / iPho...
2025-12-16 23:58:22,985 - INFO - ✅ Tìm thấy: Ốp lưng iPhone 17 Pro Max / 17 Pro / 17 / Air RING...
2025-12-16 23:58:22,985 - INFO - ✅ Tìm thấy: Ốp lưng cho iPhone 17 Pro Max /17 Pro / 17 Air / 1...
2025-12-16 23:58:22,985 - INFO - ✅ Tìm thấy: Ốp lưng cho iPhone 17 Pro Max / 17 Pro / Air / 17 ...
2025-12-16 23:58:22,985 - INFO - ✅ Tìm thấy: Ốp lưng TPU mềm trong suốt siêu mỏng cho iPhone 17...
2025-12-16 23:58:22,985 - INFO - ✅ Tìm thấy: Ốp lưng Cho iPhone 17 Pro/ 17 Pro Max UNIQ CLARIO ...
2025-12-16 23:58:22,986 - INFO - ✅ Tìm thấy: Ốp chống sốc cho iPhone 17 Pro Max, 17 Pro, iPhone...
2025-12-16 23:58:22,986 - INFO - ✅ Tìm thấy: Ốp chống sốc cho iPhone 17 Pro Max, 17 Pro, iPhone...
2025-12-16 23:58:22,986 - INFO - ✅ Tìm thấy: Ốp lưng cho iPhone 17 Pro Max / 17 Pro / 17 / Air ...
2025-12-16 23:58:22,986 - INFO - ✅ Tìm thấy: Ốp lưng SULADA dành cho Phone 17, iPhone Air, iPho...
2025-12-16 23:58:22,986 - INFO - ✅ Tìm thấy: Ốp lưng iP 17 Pro Max - 17 Air - 17 - 17 Pro trong...
2025-12-16 23:58:22,986 - INFO - ✅ Tìm thấy: [Iphone 17] Ốp Lưng Chống Sốc 3 Lớp, Sạc Từ Tính c...
2025-12-16 23:58:22,986 - INFO - ✅ Tìm thấy: [Iphone 17] Ốp Lưng Chống Sốc Sạc Từ Tính cho Ipho...
2025-12-16 23:58:22,987 - INFO - ✅ Tìm thấy: Ốp lưng cho iPhone 17 Pro Max RINGKE Rugged Gear -...
2025-12-16 23:58:22,987 - INFO - ✅ Tìm thấy: Ốp Lưng Cho iPhone 17 Pro/ 17 Pro Max UNIQ HELDRO ...
2025-12-16 23:58:22,987 - INFO - ✅ Tìm thấy: Ốp lưng cho iPhone 17 Pro Max / 17 Pro RINGKE Fusi...
2025-12-16 23:58:22,987 - INFO - ✅ Tìm thấy: [iPhone 17] Kính cường lực Camera cho Iphone 17 pr...
2025-12-16 23:58:22,987 - INFO - ✅ Tìm thấy: Ốp lưng cho iPhone 17 Pro Max / 17 Pro / Air RINGK...
2025-12-16 23:58:22,987 - INFO - ✅ Tìm thấy: Ốp Lưng Cho iPhone 17 Pro Max / 17 Pro UNIQ COMBAT...
2025-12-16 23:58:22,987 - INFO - ✅ Tìm thấy: [Iphone 17] Ốp Lưng Mỏng Nhẹ Sạc Từ Tính cho Iphon...
2025-12-16 23:58:22,987 - INFO - ✅ Tìm thấy: Ốp lưng cho iPhone 17 Pro Max RINGKE Air - Hàng Ch...
2025-12-16 23:58:22,987 - INFO - ✅ Tìm thấy: Ốp lưng cho iPhone 17 Pro Max / 17 Pro / 17 / Air ...
2025-12-16 23:58:22,988 - INFO - ✅ Tìm thấy: Ốp lưng dành cho iPhone 17 Pro Max Nillkin Super F...
2025-12-16 23:58:22,988 - INFO - ✅ Tìm thấy: Ốp lưng cho iPhone 17 Pro Max RINGKE Alles - Hàng ...
2025-12-16 23:58:22,988 - INFO - ✅ Tìm thấy: Ốp lưng cho iPhone 17 Pro Max , 17 Pro , 17 , 17Ai...
2025-12-16 23:58:22,988 - INFO - ✅ Tìm thấy: BAO DA CHO IPHONE 17 PRO MAX - 17 PRO - 17 Air - 1...
2025-12-16 23:58:22,988 - INFO - ✅ Tìm thấy: BAO DA CHO IPHONE 17 PRO MAX - 17 PRO - 17 Air - 1...
2025-12-16 23:58:22,988 - INFO - ✅ Tìm thấy: [Iphone 17] Ốp Lưng Mỏng Nhẹ Sạc Từ Tính cho Iphon...
2025-12-16 23:58:22,988 - INFO - ✅ Tìm thấy: [Iphone 17] Ốp Lưng Chống Sốc Sạc Từ Tính cho Ipho...
2025-12-16 23:58:22,988 - INFO - ✅ Tìm thấy: Ốp Lưng Trong Suốt Cho iPhone 17 Pro Max/ 17 Pro/ ...
2025-12-16 23:58:22,988 - INFO - ✅ Tìm thấy: Kính Cường Lực GOR cho iPhone 17 / iPhone 17 Pro /...
2025-12-16 23:58:22,989 - INFO - ✅ Tìm thấy: Ốp lưng siêu mỏng Memumi dành cho iPhone Air, iPho...
2025-12-16 23:58:22,990 - INFO - ✅ Tìm thấy 40 sản phẩm
2025-12-16 23:58:22,995 - INFO - Đã lưu session vào tiki_state.json
2025-12-16 23:58:22,995 - INFO - Tìm thấy 40 sản phẩm. Đang lấy chi tiết...
2025-12-16 23:58:23,004 - INFO - 📡 Lấy chi tiết qua API cho product 278628866...
2025-12-16 23:58:23,629 - INFO - ✅ Lấy được 20 reviews từ API
2025-12-16 23:58:29,478 - INFO - 📡 Lấy chi tiết qua API cho product 278628812...
2025-12-16 23:58:30,214 - INFO - ✅ Lấy được 15 reviews từ API
2025-12-16 23:58:34,040 - INFO - 📡 Lấy chi tiết qua API cho product 278630241...
2025-12-16 23:58:34,592 - INFO - ✅ Lấy được 6 reviews từ API
2025-12-16 23:58:40,515 - INFO - 📡 Lấy chi tiết qua API cho product 278755768...
2025-12-16 23:58:40,984 - INFO - ✅ Lấy được 0 reviews từ API
2025-12-16 23:58:46,470 - INFO - 📡 Lấy chi tiết qua API cho product 278745882...
2025-12-16 23:58:47,014 - INFO - ✅ Lấy được 0 reviews từ API
2025-12-16 23:58:47,027 - INFO - Đã lưu 5 sản phẩm vào tiki_iphone17promax.json
2025-12-16 23:58:47,036 - INFO - Đã lưu session vào tiki_state.json
2025-12-16 23:58:52,850 - INFO - 📡 Lấy chi tiết qua API cho product 278684426...
2025-12-16 23:58:53,322 - INFO - ✅ Lấy được 0 reviews từ API
2025-12-16 23:58:57,164 - INFO - 📡 Lấy chi tiết qua API cho product 278643435...
2025-12-16 23:58:57,632 - INFO - ✅ Lấy được 0 reviews từ API
2025-12-16 23:59:00,933 - INFO - 📡 Lấy chi tiết qua API cho product 278755908...
2025-12-16 23:59:01,424 - INFO - ✅ Lấy được 0 reviews từ API
2025-12-16 23:59:06,929 - INFO - 📡 Lấy chi tiết qua API cho product 278629003...
2025-12-16 23:59:07,575 - INFO - ✅ Lấy được 0 reviews từ API
2025-12-16 23:59:12,959 - INFO - 📡 Lấy chi tiết qua API cho product 278701378...
2025-12-16 23:59:13,422 - INFO - ✅ Lấy được 0 reviews từ API
2025-12-16 23:59:13,439 - INFO - Đã lưu 10 sản phẩm vào tiki_iphone17promax.json
2025-12-16 23:59:13,449 - INFO - Đã lưu session vào tiki_state.json
2025-12-16 23:59:17,951 - INFO - 📡 Lấy chi tiết qua API cho product 278676666...
2025-12-16 23:59:18,595 - INFO - ✅ Lấy được 0 reviews từ API
2025-12-16 23:59:21,943 - INFO - 📡 Lấy chi tiết qua API cho product 278683526...
2025-12-16 23:59:22,406 - INFO - ✅ Lấy được 0 reviews từ API
2025-12-16 23:59:27,564 - INFO - 📡 Lấy chi tiết qua API cho product 278630628...
2025-12-16 23:59:28,041 - INFO - ✅ Lấy được 0 reviews từ API
2025-12-16 23:59:33,158 - INFO - 📡 Lấy chi tiết qua API cho product 278740388...
2025-12-16 23:59:33,745 - INFO - ✅ Lấy được 0 reviews từ API
2025-12-16 23:59:38,973 - INFO - 📡 Lấy chi tiết qua API cho product 278807561...
2025-12-16 23:59:39,468 - INFO - ✅ Lấy được 0 reviews từ API
2025-12-16 23:59:39,491 - INFO - Đã lưu 15 sản phẩm vào tiki_iphone17promax.json
2025-12-16 23:59:39,501 - INFO - Đã lưu session vào tiki_state.json
2025-12-16 23:59:42,701 - INFO - 📡 Lấy chi tiết qua API cho product 278807578...
2025-12-16 23:59:43,211 - INFO - ✅ Lấy được 0 reviews từ API
2025-12-16 23:59:47,080 - INFO - 📡 Lấy chi tiết qua API cho product 278704261...
2025-12-16 23:59:47,550 - INFO - ✅ Lấy được 0 reviews từ API
2025-12-16 23:59:53,480 - INFO - 📡 Lấy chi tiết qua API cho product 278598956...
2025-12-16 23:59:54,180 - INFO - ✅ Lấy được 0 reviews từ API
2025-12-16 23:59:57,402 - INFO - 📡 Lấy chi tiết qua API cho product 278634540...
2025-12-16 23:59:57,876 - INFO - ✅ Lấy được 0 reviews từ API
2025-12-17 00:00:03,725 - INFO - 📡 Lấy chi tiết qua API cho product 278692507...
2025-12-17 00:00:04,279 - INFO - ✅ Lấy được 0 reviews từ API
2025-12-17 00:00:04,303 - INFO - Đã lưu 20 sản phẩm vào tiki_iphone17promax.json
2025-12-17 00:00:04,316 - INFO - Đã lưu session vào tiki_state.json
2025-12-17 00:00:08,066 - INFO - 📡 Lấy chi tiết qua API cho product 278785786...
2025-12-17 00:00:08,582 - INFO - ✅ Lấy được 0 reviews từ API
2025-12-17 00:00:12,427 - INFO - 📡 Lấy chi tiết qua API cho product 278668416...
2025-12-17 00:00:12,948 - INFO - ✅ Lấy được 0 reviews từ API
2025-12-17 00:00:18,368 - INFO - 📡 Lấy chi tiết qua API cho product 278749883...
2025-12-17 00:00:18,905 - INFO - ✅ Lấy được 0 reviews từ API
2025-12-17 00:00:23,395 - INFO - 📡 Lấy chi tiết qua API cho product 278684636...
2025-12-17 00:00:23,927 - INFO - ✅ Lấy được 0 reviews từ API
2025-12-17 00:00:29,671 - INFO - 📡 Lấy chi tiết qua API cho product 278683308...
2025-12-17 00:00:30,364 - INFO - ✅ Lấy được 0 reviews từ API
2025-12-17 00:00:30,384 - INFO - Đã lưu 25 sản phẩm vào tiki_iphone17promax.json
2025-12-17 00:00:30,391 - INFO - Đã lưu session vào tiki_state.json
2025-12-17 00:00:34,860 - INFO - 📡 Lấy chi tiết qua API cho product 278675593...
2025-12-17 00:00:35,389 - INFO - ✅ Lấy được 0 reviews từ API
2025-12-17 00:00:38,946 - INFO - 📡 Lấy chi tiết qua API cho product 278752407...
2025-12-17 00:00:39,501 - INFO - ✅ Lấy được 0 reviews từ API
2025-12-17 00:00:45,440 - INFO - 📡 Lấy chi tiết qua API cho product 278696958...
2025-12-17 00:00:46,037 - INFO - ✅ Lấy được 0 reviews từ API
2025-12-17 00:00:50,927 - INFO - 📡 Lấy chi tiết qua API cho product 278720198...
2025-12-17 00:00:51,463 - INFO - ✅ Lấy được 0 reviews từ API
2025-12-17 00:00:56,032 - INFO - 📡 Lấy chi tiết qua API cho product 278639964...
2025-12-17 00:00:56,568 - INFO - ✅ Lấy được 0 reviews từ API
2025-12-17 00:00:56,605 - INFO - Đã lưu 30 sản phẩm vào tiki_iphone17promax.json
2025-12-17 00:00:56,613 - INFO - Đã lưu session vào tiki_state.json
2025-12-17 00:00:59,873 - INFO - 📡 Lấy chi tiết qua API cho product 278626851...
2025-12-17 00:01:00,499 - INFO - ✅ Lấy được 0 reviews từ API
2025-12-17 00:01:03,648 - INFO - 📡 Lấy chi tiết qua API cho product 278720857...
2025-12-17 00:01:04,083 - INFO - ✅ Lấy được 0 reviews từ API
2025-12-17 00:01:07,330 - INFO - 📡 Lấy chi tiết qua API cho product 277611553...
2025-12-17 00:01:07,932 - INFO - ✅ Lấy được 0 reviews từ API
2025-12-17 00:01:13,115 - INFO - 📡 Lấy chi tiết qua API cho product 278742910...
2025-12-17 00:01:13,718 - INFO - ✅ Lấy được 0 reviews từ API
2025-12-17 00:01:17,903 - INFO - 📡 Lấy chi tiết qua API cho product 278742923...
2025-12-17 00:01:18,426 - INFO - ✅ Lấy được 0 reviews từ API
2025-12-17 00:01:18,457 - INFO - Đã lưu 35 sản phẩm vào tiki_iphone17promax.json
2025-12-17 00:01:18,466 - INFO - Đã lưu session vào tiki_state.json
2025-12-17 00:01:23,660 - INFO - 📡 Lấy chi tiết qua API cho product 278697178...
2025-12-17 00:01:24,115 - INFO - ✅ Lấy được 0 reviews từ API
2025-12-17 00:01:29,680 - INFO - 📡 Lấy chi tiết qua API cho product 278712224...
2025-12-17 00:01:30,231 - INFO - ✅ Lấy được 0 reviews từ API
2025-12-17 00:01:35,321 - INFO - 📡 Lấy chi tiết qua API cho product 278593338...
2025-12-17 00:01:35,929 - INFO - ✅ Lấy được 0 reviews từ API
2025-12-17 00:01:39,955 - INFO - 📡 Lấy chi tiết qua API cho product 278673230...
2025-12-17 00:01:40,525 - INFO - ✅ Lấy được 1 reviews từ API
2025-12-17 00:01:44,004 - INFO - 📡 Lấy chi tiết qua API cho product 278675527...
2025-12-17 00:01:44,720 - INFO - ✅ Lấy được 3 reviews từ API
2025-12-17 00:01:44,758 - INFO - Đã lưu 40 sản phẩm vào tiki_iphone17promax.json
2025-12-17 00:01:44,767 - INFO - Đã lưu session vào tiki_state.json
2025-12-17 00:01:44,791 - INFO - Đã lưu 40 sản phẩm vào tiki_iphone17promax.json
2025-12-17 00:01:44,794 - INFO - Đã lưu session vào tiki_state.json
2025-12-17 00:01:44,795 - INFO - Hoàn thành! Dữ liệu đã lưu vào tiki_iphone17promax.json
